<?xml version="1.0" encoding="UTF-8"?>
<testng-results skipped="0" failed="0" total="1" passed="1">
  <reporter-output>
  </reporter-output>
  <suite name="Default suite" duration-ms="9874" started-at="2014-01-02T23:26:22Z" finished-at="2014-01-02T23:26:32Z">
    <groups>
    </groups>
    <test name="Default test" duration-ms="9874" started-at="2014-01-02T23:26:22Z" finished-at="2014-01-02T23:26:32Z">
      <class name="main.java.Screenshot">
        <test-method status="PASS" signature="test1()[pri:0, instance:main.java.Screenshot@6bd6c90d]" name="test1" duration-ms="9863" started-at="2014-01-02T15:26:22Z" finished-at="2014-01-02T15:26:32Z">
          <reporter-output>
          </reporter-output>
        </test-method> <!-- test1 -->
      </class> <!-- main.java.Screenshot -->
    </test> <!-- Default test -->
  </suite> <!-- Default suite -->
</testng-results>
