<?xml version="1.0" encoding="UTF-8"?>
<testng-results skipped="0" failed="0" total="1" passed="1">
  <reporter-output>
  </reporter-output>
  <suite name="Default suite" duration-ms="15188" started-at="2014-05-27T03:50:54Z" finished-at="2014-05-27T03:51:09Z">
    <groups>
    </groups>
    <test name="Default test" duration-ms="15188" started-at="2014-05-27T03:50:54Z" finished-at="2014-05-27T03:51:09Z">
      <class name="html5.InterviewTest">
        <test-method status="PASS" signature="test()[pri:0, instance:html5.InterviewTest@6e1513f3]" name="test" duration-ms="15176" started-at="2014-05-26T20:50:54Z" finished-at="2014-05-26T20:51:09Z">
          <reporter-output>
          </reporter-output>
        </test-method> <!-- test -->
      </class> <!-- html5.InterviewTest -->
    </test> <!-- Default test -->
  </suite> <!-- Default suite -->
</testng-results>
